<?xml version="1.0" encoding="UTF-8"?>
<!-- Generated by org.testng.reporters.JUnitReportReporter -->
<testsuite hostname="LAPTOP-OR9CA3HL" name="com.mobile.pack.SimpleAndroidCalcTest" tests="1" failures="0" timestamp="8 Apr 2016 04:45:48 GMT" time="70.912" errors="0">
  <testcase name="setUp" time="70.912" classname="com.mobile.pack.SimpleAndroidCalcTest"/>
</testsuite> <!-- com.mobile.pack.SimpleAndroidCalcTest -->
