<?xml version="1.0" encoding="UTF-8"?>
<!-- Generated by org.testng.reporters.JUnitReportReporter -->
<testsuite hostname="LAPTOP-OR9CA3HL" name="com.mobile.pack.DragAndDropAction" tests="1" failures="0" timestamp="10 Apr 2016 15:28:54 GMT" time="6.633" errors="0">
  <testcase name="dragDrop" time="6.633" classname="com.mobile.pack.DragAndDropAction"/>
</testsuite> <!-- com.mobile.pack.DragAndDropAction -->
