<?xml version="1.0" encoding="UTF-8"?>
<!-- Generated by org.testng.reporters.JUnitReportReporter -->
<testsuite hostname="blqa-d0047" name="com.mobileautomation.DragandDrop" tests="1" failures="0" timestamp="11 Apr 2016 09:04:28 GMT" time="18.449" errors="0">
  <testcase name="dragDrop" time="18.449" classname="com.mobileautomation.DragandDrop"/>
</testsuite> <!-- com.mobileautomation.DragandDrop -->
