<?xml version="1.0" encoding="UTF-8"?>
<!-- Generated by org.testng.reporters.JUnitReportReporter -->
<testsuite hostname="LAPTOP-OR9CA3HL" name="com.mobile.pack.MultiTouch" tests="1" failures="0" timestamp="12 Apr 2016 16:47:20 GMT" time="5.267" errors="0">
  <testcase name="multitouchtest" time="5.267" classname="com.mobile.pack.MultiTouch"/>
</testsuite> <!-- com.mobile.pack.MultiTouch -->
