<?xml version="1.0" encoding="UTF-8"?>
<!-- Generated by org.testng.reporters.JUnitReportReporter -->
<testsuite hostname="LAPTOP-OR9CA3HL" name="com.mobile.pack.ElementLocatorTest" tests="1" failures="0" timestamp="8 Apr 2016 08:44:39 GMT" time="45.114" errors="0">
  <testcase name="sum" time="45.114" classname="com.mobile.pack.ElementLocatorTest"/>
</testsuite> <!-- com.mobile.pack.ElementLocatorTest -->
