<?xml version="1.0" encoding="UTF-8"?>
<!-- Generated by org.testng.reporters.JUnitReportReporter -->
<testsuite hostname="LAPTOP-OR9CA3HL" name="com.mobile.pack.ScrollHTabs" tests="1" failures="0" timestamp="12 Apr 2016 16:11:58 GMT" time="32.924" errors="0">
  <testcase name="scrollhorizontaltabs" time="32.924" classname="com.mobile.pack.ScrollHTabs"/>
</testsuite> <!-- com.mobile.pack.ScrollHTabs -->
