<?xml version="1.0" encoding="UTF-8"?>
<!-- Generated by org.testng.reporters.JUnitReportReporter -->
<testsuite hostname="blqa-d0047" name="com.mobileautomation.firstscript" tests="1" failures="0" timestamp="11 Mar 2016 11:19:35 GMT" time="6.905" errors="0">
  <testcase name="Sum" time="6.905" classname="com.mobileautomation.firstscript"/>
</testsuite> <!-- com.mobileautomation.firstscript -->
