<?xml version="1.0" encoding="UTF-8"?>
<!-- Generated by org.testng.reporters.JUnitReportReporter -->
<testsuite hostname="blqa-d0047" name="com.mobile.pack.AppiumServerStartStop" tests="1" failures="0" timestamp="29 Apr 2016 11:03:38 GMT" time="2.883" errors="0">
  <testcase name="scrollTab" time="2.883" classname="com.mobile.pack.AppiumServerStartStop"/>
</testsuite> <!-- com.mobile.pack.AppiumServerStartStop -->
