<?xml version="1.0" encoding="UTF-8"?>
<!-- Generated by org.testng.reporters.JUnitReportReporter -->
<testsuite hostname="LAPTOP-OR9CA3HL" name="com.mobile.pack.Scrollingtotext" tests="1" failures="0" timestamp="12 Apr 2016 15:25:43 GMT" time="10.960" errors="0">
  <testcase name="scrolltext" time="10.960" classname="com.mobile.pack.Scrollingtotext"/>
</testsuite> <!-- com.mobile.pack.Scrollingtotext -->
