<?xml version="1.0" encoding="UTF-8"?>
<!-- Generated by org.testng.reporters.JUnitReportReporter -->
<testsuite hostname="blqa-d0047" name="WTSUsecases.AcivityListTest" tests="1" failures="0" timestamp="19 Jan 2016 04:59:10 GMT" time="32.061" errors="0">
  <testcase name="executeTest" time="32.061" classname="WTSUsecases.AcivityListTest"/>
</testsuite> <!-- WTSUsecases.AcivityListTest -->
