<?xml version="1.0" encoding="UTF-8"?>
<!-- Generated by org.testng.reporters.JUnitReportReporter -->
<testsuite hostname="blqa-d0047" name="WTSUsecases.ActivitiesTest" tests="1" failures="0" timestamp="9 Jan 2016 12:42:19 GMT" time="45.421" errors="0">
  <testcase name="executeTest" time="45.421" classname="WTSUsecases.ActivitiesTest"/>
</testsuite> <!-- WTSUsecases.ActivitiesTest -->
