<?xml version="1.0" encoding="UTF-8"?>
<!-- Generated by org.testng.reporters.JUnitReportReporter -->
<testsuite hostname="blqa-d0047" name="WTSUsecases.NewUserTest" tests="1" failures="0" timestamp="21 Jan 2016 09:11:58 GMT" time="66.155" errors="0">
  <testcase name="executeTest" time="66.155" classname="WTSUsecases.NewUserTest"/>
</testsuite> <!-- WTSUsecases.NewUserTest -->
